

Processing ArticlesController#index (for 127.0.0.1 at 2011-08-31 16:09:23) [GET]
  [4;36;1mArticle Load (0.0ms)[0m   [0;1mSQLite3::SQLException: no such table: articles: SELECT * FROM "articles" [0m

ActiveRecord::StatementInvalid (SQLite3::SQLException: no such table: articles: SELECT * FROM "articles" ):
  app/controllers/articles_controller.rb:5:in `index'

Rendered rescues/_trace (42.5ms)
Rendered rescues/_request_and_response (1.3ms)
Rendering rescues/layout (internal_server_error)
  [4;36;1mSQL (0.4ms)[0m   [0;1m SELECT name
 FROM sqlite_master
 WHERE type = 'table' AND NOT name = 'sqlite_sequence'
[0m
  [4;35;1mSQL (15.9ms)[0m   [0mselect sqlite_version(*)[0m
  [4;36;1mSQL (156.8ms)[0m   [0;1mCREATE TABLE "schema_migrations" ("version" varchar(255) NOT NULL) [0m
  [4;35;1mSQL (0.1ms)[0m   [0mPRAGMA index_list("schema_migrations")[0m
  [4;36;1mSQL (88.2ms)[0m   [0;1mCREATE UNIQUE INDEX "unique_schema_migrations" ON "schema_migrations" ("version")[0m
  [4;35;1mSQL (0.2ms)[0m   [0m SELECT name
 FROM sqlite_master
 WHERE type = 'table' AND NOT name = 'sqlite_sequence'
[0m
  [4;36;1mSQL (0.2ms)[0m   [0;1mSELECT version FROM schema_migrations[0m
Migrating to CreateArticles (20110831082037)
  [4;35;1mSQL (0.7ms)[0m   [0mCREATE TABLE "articles" ("id" INTEGER PRIMARY KEY AUTOINCREMENT NOT NULL, "name" varchar(255), "title" varchar(255), "created_at" datetime, "updated_at" datetime) [0m
  [4;36;1mSQL (0.2ms)[0m   [0;1mINSERT INTO schema_migrations (version) VALUES ('20110831082037')[0m
  [4;35;1mSQL (0.2ms)[0m   [0m SELECT name
 FROM sqlite_master
 WHERE type = 'table' AND NOT name = 'sqlite_sequence'
[0m
  [4;36;1mSQL (0.1ms)[0m   [0;1mSELECT version FROM schema_migrations[0m
  [4;35;1mSQL (0.1ms)[0m   [0m SELECT name
 FROM sqlite_master
 WHERE type = 'table' AND NOT name = 'sqlite_sequence'
[0m
  [4;36;1mSQL (0.1ms)[0m   [0;1mPRAGMA index_list("articles")[0m


Processing ArticlesController#index (for 127.0.0.1 at 2011-08-31 16:10:11) [GET]
  [4;36;1mArticle Load (0.4ms)[0m   [0;1mSELECT * FROM "articles" [0m
Rendering template within layouts/articles
Rendering articles/index
Completed in 124ms (View: 120, DB: 0) | 200 OK [http://localhost/]


Processing ArticlesController#new (for 127.0.0.1 at 2011-08-31 16:10:13) [GET]
Rendering template within layouts/articles
Rendering articles/new
Completed in 62ms (View: 56, DB: 0) | 200 OK [http://localhost/articles/new]


Processing ArticlesController#index (for 127.0.0.1 at 2011-08-31 16:10:14) [GET]
  [4;35;1mArticle Load (0.4ms)[0m   [0mSELECT * FROM "articles" [0m
Rendering template within layouts/articles
Rendering articles/index
Completed in 8ms (View: 2, DB: 0) | 200 OK [http://localhost/articles]
  [4;36;1mSQL (0.5ms)[0m   [0;1m SELECT name
 FROM sqlite_master
 WHERE type = 'table' AND NOT name = 'sqlite_sequence'
[0m
  [4;35;1mSQL (0.1ms)[0m   [0mSELECT version FROM schema_migrations[0m


Processing ArticlesController#index (for 127.0.0.1 at 2011-08-31 16:15:00) [GET]

NoMethodError (undefined method `clear' for I18n::Locale:Module):
  /home/chondm/.rvm/gems/ruby-1.8.7-p334/gems/locale_rails-2.0.5/lib/locale_rails/i18n.rb:34:in `locale='
  /home/chondm/.rvm/gems/ruby-1.8.7-p334/gems/locale_rails-2.0.5/lib/locale_rails/action_controller/base.rb:43:in `init_locale'

Rendered rescues/_trace (39.6ms)
Rendered rescues/_request_and_response (1.3ms)
Rendering rescues/layout (internal_server_error)
  [4;36;1mSQL (10.7ms)[0m   [0;1m SELECT name
 FROM sqlite_master
 WHERE type = 'table' AND NOT name = 'sqlite_sequence'
[0m
  [4;35;1mSQL (0.1ms)[0m   [0mSELECT version FROM schema_migrations[0m


Processing ArticlesController#index (for 127.0.0.1 at 2011-08-31 16:27:31) [GET]

NoMethodError (undefined method `clear' for I18n::Locale:Module):
  /home/chondm/.rvm/gems/ruby-1.8.7-p334/gems/locale_rails-2.0.5/lib/locale_rails/i18n.rb:34:in `locale='
  /home/chondm/.rvm/gems/ruby-1.8.7-p334/gems/locale_rails-2.0.5/lib/locale_rails/action_controller/base.rb:43:in `init_locale'

Rendered rescues/_trace (37.5ms)
Rendered rescues/_request_and_response (19.5ms)
Rendering rescues/layout (internal_server_error)
  [4;36;1mSQL (0.7ms)[0m   [0;1m SELECT name
 FROM sqlite_master
 WHERE type = 'table' AND NOT name = 'sqlite_sequence'
[0m
  [4;35;1mSQL (0.3ms)[0m   [0mSELECT version FROM schema_migrations[0m


Processing ArticlesController#index (for 127.0.0.1 at 2011-08-31 16:46:14) [GET]
  [4;36;1mArticle Load (0.3ms)[0m   [0;1mSELECT * FROM "articles" [0m
Rendering template within layouts/articles
Rendering articles/index
Completed in 230ms (View: 223, DB: 0) | 200 OK [http://localhost/articles]


Processing ArticlesController#new (for 127.0.0.1 at 2011-08-31 16:46:16) [GET]
Rendering template within layouts/articles
Rendering articles/new
Completed in 132ms (View: 124, DB: 0) | 200 OK [http://localhost/articles/new]


Processing ArticlesController#index (for 127.0.0.1 at 2011-08-31 16:46:18) [GET]
  [4;35;1mArticle Load (0.4ms)[0m   [0mSELECT * FROM "articles" [0m
Rendering template within layouts/articles
Rendering articles/index
Completed in 11ms (View: 4, DB: 0) | 200 OK [http://localhost/articles]
DEPRECATION WARNING: require "activesupport" is deprecated and will be removed in Rails 3. Use require "active_support" instead. (called from /home/chondm/.rvm/gems/ruby-1.8.7-p334/gems/activesupport-2.3.11/lib/activesupport.rb:2)
DEPRECATION WARNING: ActiveRecord::Base#class_name is deprecated and will be removed in Rails 2.3.9. (called from parse at /home/chondm/.rvm/gems/ruby-1.8.7-p334/gems/gettext_activerecord-2.1.0/lib/gettext_activerecord/parser.rb:127)
DEPRECATION WARNING: require "activesupport" is deprecated and will be removed in Rails 3. Use require "active_support" instead. (called from /home/chondm/.rvm/gems/ruby-1.8.7-p334/gems/activesupport-2.3.11/lib/activesupport.rb:2)
DEPRECATION WARNING: ActiveRecord::Base#class_name is deprecated and will be removed in Rails 2.3.9. (called from parse at /home/chondm/.rvm/gems/ruby-1.8.7-p334/gems/gettext_activerecord-2.1.0/lib/gettext_activerecord/parser.rb:127)
DEPRECATION WARNING: require "activesupport" is deprecated and will be removed in Rails 3. Use require "active_support" instead. (called from /home/chondm/.rvm/gems/ruby-1.8.7-p334/gems/activesupport-2.3.11/lib/activesupport.rb:2)
DEPRECATION WARNING: ActiveRecord::Base#class_name is deprecated and will be removed in Rails 2.3.9. (called from parse at /home/chondm/.rvm/gems/ruby-1.8.7-p334/gems/gettext_activerecord-2.1.0/lib/gettext_activerecord/parser.rb:127)
DEPRECATION WARNING: require "activesupport" is deprecated and will be removed in Rails 3. Use require "active_support" instead. (called from /home/chondm/.rvm/gems/ruby-1.8.7-p334/gems/activesupport-2.3.11/lib/activesupport.rb:2)
DEPRECATION WARNING: ActiveRecord::Base#class_name is deprecated and will be removed in Rails 2.3.9. (called from parse at /home/chondm/.rvm/gems/ruby-1.8.7-p334/gems/gettext_activerecord-2.1.0/lib/gettext_activerecord/parser.rb:127)


Processing ArticlesController#index (for 127.0.0.1 at 2011-08-31 17:00:33) [GET]
  [4;36;1mArticle Load (0.7ms)[0m   [0;1mSELECT * FROM "articles" [0m
Rendering template within layouts/articles
Rendering articles/index
Completed in 230ms (View: 162, DB: 1) | 200 OK [http://localhost/articles]


Processing ArticlesController#index (for 127.0.0.1 at 2011-08-31 17:00:51) [GET]
  Parameters: {"lang"=>"ja_JP"}
  [4;35;1mArticle Load (0.6ms)[0m   [0mSELECT * FROM "articles" [0m
Rendering template within layouts/articles
Rendering articles/index
Completed in 132ms (View: 62, DB: 1) | 200 OK [http://localhost/articles/?lang=ja_JP]


Processing ArticlesController#index (for 127.0.0.1 at 2011-08-31 17:00:56) [GET]
  Parameters: {"lang"=>"de"}
  [4;36;1mArticle Load (0.5ms)[0m   [0;1mSELECT * FROM "articles" [0m
Rendering template within layouts/articles
Rendering articles/index
Completed in 52ms (View: 41, DB: 1) | 200 OK [http://localhost/articles/?lang=de]
DEPRECATION WARNING: require "activesupport" is deprecated and will be removed in Rails 3. Use require "active_support" instead. (called from /home/chondm/.rvm/gems/ruby-1.8.7-p334/gems/activesupport-2.3.11/lib/activesupport.rb:2)
DEPRECATION WARNING: ActiveRecord::Base#class_name is deprecated and will be removed in Rails 2.3.9. (called from parse at /home/chondm/.rvm/gems/ruby-1.8.7-p334/gems/gettext_activerecord-2.1.0/lib/gettext_activerecord/parser.rb:127)
  [4;36;1mSQL (0.5ms)[0m   [0;1m SELECT name
 FROM sqlite_master
 WHERE type = 'table' AND NOT name = 'sqlite_sequence'
[0m
  [4;35;1mSQL (0.1ms)[0m   [0mSELECT version FROM schema_migrations[0m
  [4;36;1mSQL (0.6ms)[0m   [0;1m SELECT name
 FROM sqlite_master
 WHERE type = 'table' AND NOT name = 'sqlite_sequence'
[0m
  [4;35;1mSQL (0.1ms)[0m   [0mSELECT version FROM schema_migrations[0m


Processing ArticlesController#index (for 127.0.0.1 at 2011-08-31 17:14:55) [GET]
  [4;36;1mArticle Load (0.3ms)[0m   [0;1mSELECT * FROM "articles" [0m
Rendering template within layouts/articles
Rendering articles/index
Completed in 175ms (View: 169, DB: 0) | 200 OK [http://localhost/articles]


Processing ArticlesController#show (for 127.0.0.1 at 2011-08-31 17:14:58) [GET]
  Parameters: {"id"=>"de"}
  [4;35;1mArticle Load (0.1ms)[0m   [0mSELECT * FROM "articles" WHERE ("articles"."id" = 0) [0m

ActiveRecord::RecordNotFound (Couldn't find Article with ID=de):
  app/controllers/articles_controller.rb:16:in `show'

Rendered rescues/_trace (106.4ms)
Rendered rescues/_request_and_response (1.2ms)
Rendering rescues/layout (not_found)


Processing ArticlesController#index (for 127.0.0.1 at 2011-08-31 17:15:15) [GET]
  Parameters: {"lang"=>"de"}
  [4;36;1mArticle Load (0.3ms)[0m   [0;1mSELECT * FROM "articles" [0m
Rendering template within layouts/articles
Rendering articles/index
Completed in 29ms (View: 24, DB: 0) | 200 OK [http://localhost/de/articles]


Processing ArticlesController#index (for 127.0.0.1 at 2011-08-31 17:15:20) [GET]
  Parameters: {"lang"=>"vi"}
  [4;35;1mArticle Load (0.3ms)[0m   [0mSELECT * FROM "articles" [0m
Rendering template within layouts/articles
Rendering articles/index
Completed in 42ms (View: 36, DB: 0) | 200 OK [http://localhost/vi/articles]
  [4;36;1mSQL (0.5ms)[0m   [0;1m SELECT name
 FROM sqlite_master
 WHERE type = 'table' AND NOT name = 'sqlite_sequence'
[0m
  [4;35;1mSQL (0.1ms)[0m   [0mSELECT version FROM schema_migrations[0m


Processing ArticlesController#index (for 127.0.0.1 at 2011-08-31 17:17:14) [GET]
  [4;36;1mArticle Load (0.3ms)[0m   [0;1mSELECT * FROM "articles" [0m
Rendering template within layouts/articles
Rendering articles/index
Completed in 24ms (View: 16, DB: 0) | 200 OK [http://localhost/]


Processing ArticlesController#index (for 127.0.0.1 at 2011-08-31 17:17:16) [GET]
  [4;35;1mArticle Load (0.3ms)[0m   [0mSELECT * FROM "articles" [0m
Rendering template within layouts/articles
Rendering articles/index
Completed in 14ms (View: 8, DB: 0) | 200 OK [http://localhost/]


Processing ApplicationController#index (for 127.0.0.1 at 2011-08-31 17:17:19) [GET]

ActionController::RoutingError (No route matches "/vi" with {:method=>:get}):
  

Rendering rescues/layout (not_found)


Processing ArticlesController#index (for 127.0.0.1 at 2011-08-31 17:17:24) [GET]
  Parameters: {"lang"=>"vi"}
  [4;36;1mArticle Load (0.4ms)[0m   [0;1mSELECT * FROM "articles" [0m
Rendering template within layouts/articles
Rendering articles/index
Completed in 15ms (View: 8, DB: 0) | 200 OK [http://localhost/vi/articles]
  [4;36;1mSQL (0.5ms)[0m   [0;1m SELECT name
 FROM sqlite_master
 WHERE type = 'table' AND NOT name = 'sqlite_sequence'
[0m
  [4;35;1mSQL (0.1ms)[0m   [0mSELECT version FROM schema_migrations[0m


Processing ArticlesController#index (for 127.0.0.1 at 2011-08-31 17:18:06) [GET]
  Parameters: {"lang"=>"vi"}
  [4;36;1mArticle Load (0.3ms)[0m   [0;1mSELECT * FROM "articles" [0m
Rendering template within layouts/articles
Rendering articles/index
Completed in 21ms (View: 16, DB: 0) | 200 OK [http://localhost/vi/articles]


Processing ArticlesController#index (for 127.0.0.1 at 2011-08-31 17:18:08) [GET]
  Parameters: {"lang"=>"vi"}
  [4;35;1mArticle Load (0.6ms)[0m   [0mSELECT * FROM "articles" [0m
Rendering template within layouts/articles
Rendering articles/index
Completed in 20ms (View: 10, DB: 1) | 200 OK [http://localhost/vi/articles]
  [4;36;1mSQL (0.4ms)[0m   [0;1m SELECT name
 FROM sqlite_master
 WHERE type = 'table' AND NOT name = 'sqlite_sequence'
[0m
  [4;35;1mSQL (0.1ms)[0m   [0mSELECT version FROM schema_migrations[0m
